c:\users\lenovo\desktop\puraby holor\visualprojects\holorzstd\holorzstd\debug\holorzstd.pdb
c:\users\lenovo\desktop\puraby holor\visualprojects\holorzstd\holorzstd\debug\holorzstd.idb
c:\users\lenovo\desktop\puraby holor\visualprojects\holorzstd\holorzstd\debug\holorzstd.obj
c:\users\lenovo\desktop\puraby holor\visualprojects\holorzstd\debug\holorzstd.lib
c:\users\lenovo\desktop\puraby holor\visualprojects\holorzstd\holorzstd\debug\vc142.idb
c:\users\lenovo\desktop\puraby holor\visualprojects\holorzstd\holorzstd\debug\vc142.pdb
c:\users\lenovo\desktop\puraby holor\visualprojects\holorzstd\holorzstd\debug\holorzstd.tlog\cl.command.1.tlog
c:\users\lenovo\desktop\puraby holor\visualprojects\holorzstd\holorzstd\debug\holorzstd.tlog\cl.read.1.tlog
c:\users\lenovo\desktop\puraby holor\visualprojects\holorzstd\holorzstd\debug\holorzstd.tlog\cl.write.1.tlog
c:\users\lenovo\desktop\puraby holor\visualprojects\holorzstd\holorzstd\debug\holorzstd.tlog\lib-link.read.1.tlog
c:\users\lenovo\desktop\puraby holor\visualprojects\holorzstd\holorzstd\debug\holorzstd.tlog\lib-link.write.1.tlog
c:\users\lenovo\desktop\puraby holor\visualprojects\holorzstd\holorzstd\debug\holorzstd.tlog\lib.command.1.tlog
c:\users\lenovo\desktop\puraby holor\visualprojects\holorzstd\holorzstd\debug\holorzstd.tlog\link-cvtres.read.1.tlog
c:\users\lenovo\desktop\puraby holor\visualprojects\holorzstd\holorzstd\debug\holorzstd.tlog\link-cvtres.write.1.tlog
c:\users\lenovo\desktop\puraby holor\visualprojects\holorzstd\holorzstd\debug\holorzstd.tlog\link-rc.read.1.tlog
c:\users\lenovo\desktop\puraby holor\visualprojects\holorzstd\holorzstd\debug\holorzstd.tlog\link-rc.write.1.tlog
c:\users\lenovo\desktop\puraby holor\visualprojects\holorzstd\holorzstd\debug\holorzstd.tlog\link.command.1.tlog
c:\users\lenovo\desktop\puraby holor\visualprojects\holorzstd\holorzstd\debug\holorzstd.tlog\link.delete.1.tlog
c:\users\lenovo\desktop\puraby holor\visualprojects\holorzstd\holorzstd\debug\holorzstd.tlog\link.read.1.tlog
c:\users\lenovo\desktop\puraby holor\visualprojects\holorzstd\holorzstd\debug\holorzstd.tlog\link.write.1.tlog
